<?xml version="1.0" encoding="UTF-8"?>
<!-- Generated by org.testng.reporters.JUnitReportReporter -->
<testsuite hostname="LAPTOP-TL8F9M4F" failures="0" tests="2" name="testngdemo1.Example" time="10.523" errors="0" timestamp="2024-04-01T10:35:19 IST" skipped="0">
  <testcase classname="testngdemo1.Example" name="multiplecheckbox" time="5.322"/>
  <testcase classname="testngdemo1.Example" name="dropdown" time="5.201"/>
</testsuite> <!-- testngdemo1.Example -->
