<?xml version="1.0" encoding="UTF-8"?>
<!-- Generated by org.testng.reporters.JUnitReportReporter -->
<testsuite hostname="LAPTOP-TL8F9M4F" failures="0" tests="6" name="testngdemo1.Demo2" time="24.735" errors="0" timestamp="2024-04-01T16:24:54 IST" skipped="0">
  <testcase classname="testngdemo1.Demo2" name="checkbox" time="4.091"/>
  <testcase classname="testngdemo1.Demo2" name="multiplecheckbox" time="4.140"/>
  <testcase classname="testngdemo1.Demo2" name="radiobutton" time="4.078"/>
  <testcase classname="testngdemo1.Demo2" name="multipleradiobutton" time="4.152"/>
  <testcase classname="testngdemo1.Demo2" name="textbox" time="4.125"/>
  <testcase classname="testngdemo1.Demo2" name="dropdown" time="4.149"/>
</testsuite> <!-- testngdemo1.Demo2 -->
